{
"/Users/JarvisChao/Desktop/WebDesign/Plugins/mockjs-tc/test/test.coveralls.js":{"path":"/Users/JarvisChao/Desktop/WebDesign/Plugins/mockjs-tc/test/test.coveralls.js","s":{"1":1,"2":1,"3":1,"4":1,"5":1,"6":1,"7":1,"8":1,"9":1,"10":1,"11":1,"12":1,"13":1,"14":1,"15":1,"16":1,"17":1,"18":1,"19":1,"20":1,"21":1},"b":{},"f":{"1":1,"2":1,"3":1,"4":1,"5":1,"6":1,"7":1,"8":1,"9":1,"10":1,"11":1,"12":1},"fnMap":{"1":{"name":"(anonymous_1)","line":4,"loc":{"start":{"line":4,"column":18},"end":{"line":4,"column":29}}},"2":{"name":"(anonymous_2)","line":5,"loc":{"start":{"line":5,"column":27},"end":{"line":5,"column":38}}},"3":{"name":"(anonymous_3)","line":6,"loc":{"start":{"line":6,"column":61},"end":{"line":6,"column":72}}},"4":{"name":"(anonymous_4)","line":12,"loc":{"start":{"line":12,"column":18},"end":{"line":12,"column":29}}},"5":{"name":"(anonymous_5)","line":13,"loc":{"start":{"line":13,"column":27},"end":{"line":13,"column":38}}},"6":{"name":"(anonymous_6)","line":14,"loc":{"start":{"line":14,"column":61},"end":{"line":14,"column":72}}},"7":{"name":"(anonymous_7)","line":20,"loc":{"start":{"line":20,"column":18},"end":{"line":20,"column":29}}},"8":{"name":"(anonymous_8)","line":21,"loc":{"start":{"line":21,"column":27},"end":{"line":21,"column":38}}},"9":{"name":"(anonymous_9)","line":22,"loc":{"start":{"line":22,"column":61},"end":{"line":22,"column":72}}},"10":{"name":"(anonymous_10)","line":28,"loc":{"start":{"line":28,"column":18},"end":{"line":28,"column":29}}},"11":{"name":"(anonymous_11)","line":29,"loc":{"start":{"line":29,"column":27},"end":{"line":29,"column":38}}},"12":{"name":"(anonymous_12)","line":30,"loc":{"start":{"line":30,"column":61},"end":{"line":30,"column":72}}}},"statementMap":{"1":{"start":{"line":3,"column":0},"end":{"line":3,"column":30}},"2":{"start":{"line":4,"column":0},"end":{"line":11,"column":2}},"3":{"start":{"line":5,"column":4},"end":{"line":10,"column":6}},"4":{"start":{"line":6,"column":8},"end":{"line":9,"column":10}},"5":{"start":{"line":7,"column":12},"end":{"line":7,"column":50}},"6":{"start":{"line":8,"column":12},"end":{"line":8,"column":50}},"7":{"start":{"line":12,"column":0},"end":{"line":19,"column":2}},"8":{"start":{"line":13,"column":4},"end":{"line":18,"column":6}},"9":{"start":{"line":14,"column":8},"end":{"line":17,"column":10}},"10":{"start":{"line":15,"column":12},"end":{"line":15,"column":50}},"11":{"start":{"line":16,"column":12},"end":{"line":16,"column":50}},"12":{"start":{"line":20,"column":0},"end":{"line":27,"column":2}},"13":{"start":{"line":21,"column":4},"end":{"line":26,"column":6}},"14":{"start":{"line":22,"column":8},"end":{"line":25,"column":10}},"15":{"start":{"line":23,"column":12},"end":{"line":23,"column":50}},"16":{"start":{"line":24,"column":12},"end":{"line":24,"column":50}},"17":{"start":{"line":28,"column":0},"end":{"line":35,"column":2}},"18":{"start":{"line":29,"column":4},"end":{"line":34,"column":6}},"19":{"start":{"line":30,"column":8},"end":{"line":33,"column":10}},"20":{"start":{"line":31,"column":12},"end":{"line":31,"column":50}},"21":{"start":{"line":32,"column":12},"end":{"line":32,"column":50}}},"branchMap":{},"l":{"3":1,"4":1,"5":1,"6":1,"7":1,"8":1,"12":1,"13":1,"14":1,"15":1,"16":1,"20":1,"21":1,"22":1,"23":1,"24":1,"28":1,"29":1,"30":1,"31":1,"32":1}}}
